INFO:root:captured pos literal: b
INFO:root:captured literal: b
INFO:root:captured head formula: {'operator': 0, 'inputTerms': [b]}
INFO:root:captured pos literal: a
INFO:root:captured literal: a
INFO:root:captured ext literal: a
INFO:root:captured (ext literal list) formula list: [<proplanguage.Formula instance at 0x7fb8d5d94cf8>]
INFO:root:captured body formula: {'operator': 1, 'inputFormulas': [{'operator': 0, 'inputTerms': [a]}]}
INFO:root:captured normal rule: {'operator': 0, 'inputTerms': [b]}:-{'operator': 1, 'inputFormulas': [{'operator': 0, 'inputTerms': [a]}]}
INFO:root:captured asp rule: {'body': {'operator': 1, 'inputFormulas': [{'operator': 0, 'inputTerms': [a]}]}, 'head': {'operator': 0, 'inputTerms': [b]}}
INFO:root:captured pos literal: c
INFO:root:captured literal: c
INFO:root:captured head formula: {'operator': 0, 'inputTerms': [c]}
INFO:root:captured pos literal: a
INFO:root:captured literal: -a
INFO:root:captured ext literal: -a
INFO:root:captured (ext literal list) formula list: [<proplanguage.Formula instance at 0x7fb8d5da90e0>]
INFO:root:captured body formula: {'operator': 1, 'inputFormulas': [{'operator': 0, 'inputTerms': [-a]}]}
INFO:root:captured normal rule: {'operator': 0, 'inputTerms': [c]}:-{'operator': 1, 'inputFormulas': [{'operator': 0, 'inputTerms': [-a]}]}
INFO:root:captured asp rule: {'body': {'operator': 1, 'inputFormulas': [{'operator': 0, 'inputTerms': [-a]}]}, 'head': {'operator': 0, 'inputTerms': [c]}}
INFO:root:captured pos literal: d
INFO:root:captured literal: d
INFO:root:captured head formula: {'operator': 0, 'inputTerms': [d]}
INFO:root:captured pos literal: a
INFO:root:captured literal: a
INFO:root:captured ext literal: not a
INFO:root:captured (ext literal list) formula list: [<proplanguage.Formula instance at 0x7fb8d5da9488>]
INFO:root:captured body formula: {'operator': 1, 'inputFormulas': [{'operator': 0, 'inputTerms': [not a]}]}
INFO:root:captured normal rule: {'operator': 0, 'inputTerms': [d]}:-{'operator': 1, 'inputFormulas': [{'operator': 0, 'inputTerms': [not a]}]}
INFO:root:captured asp rule: {'body': {'operator': 1, 'inputFormulas': [{'operator': 0, 'inputTerms': [not a]}]}, 'head': {'operator': 0, 'inputTerms': [d]}}
